<?xml version="1.0" encoding="UTF-8"?>
<!-- Generated by org.testng.reporters.JUnitReportReporter -->
<testsuite skipped="0" hostname="DESKTOP-IGKLC0R" name="com.amazon.AppTest" tests="1" failures="0" timestamp="2020-09-15T23:52:14 PDT" time="148.686" errors="0">
  <testcase name="amzonProductPerchase" time="148.686" classname="com.amazon.AppTest"/>
  <system-out/>
</testsuite> <!-- com.amazon.AppTest -->
