<?xml version="1.0" encoding="UTF-8"?>
<!-- Generated by org.testng.reporters.JUnitReportReporter -->
<testsuite skipped="0" hostname="DESKTOP-IGKLC0R" name="com.amazon.AppTest" tests="1" failures="0" timestamp="2020-09-23T10:10:12 PDT" time="0.009" errors="0">
  <testcase name="amzonProductPerchase" time="0.009" classname="com.amazon.AppTest"/>
  <system-out/>
</testsuite> <!-- com.amazon.AppTest -->
