<?xml version="1.0" encoding="UTF-8"?>
<!-- Generated by org.testng.reporters.JUnitReportReporter -->
<testsuite skipped="0" hostname="DESKTOP-IGKLC0R" name="com.amazon.AppTest" tests="1" failures="0" timestamp="2020-09-14T02:11:19 PDT" time="0.022" errors="0">
  <testcase name="shouldAnswerWithTrue" time="0.022" classname="com.amazon.AppTest"/>
  <system-out/>
</testsuite> <!-- com.amazon.AppTest -->
